SQL> SELECT object_type, object_name, status
  2    FROM user_objects
  3   WHERE object_type IN ('PACKAGE', 'PACKAGE BODY', 'FUNCTION', 'PROCEDURE')
  4   ORDER BY object_type, status, object_name
  5  /

OBJECT_TYPE          OBJECT_NAME                    STATUS                      
-------------------- ------------------------------ ----------                  
FUNCTION             MATCHING_ROW                   INVALID                     
                     PET_FAMILY                     INVALID                     
                     BETWNSTR                       VALID                       
                     DYNCALC                        VALID                       
                     EQ_EMPLOYEE                    VALID                       
                     FAVORITE_STYLES                VALID                       
                     FOOFOO                         VALID                       
                     FUNC                           VALID                       
                     GRADE_TRANSLATOR               VALID                       
                     INFILE                         VALID                       
                     LOOKUPS_FN                     VALID                       
                     MOST_POPULAR                   VALID                       
                     MOST_REPORTS_BEFORE_MANAGER    VALID                       
                     MY_DBTIMEZONE                  VALID                       
                     MY_TO_DATE                     VALID                       
                     NOTHING                        VALID                       
                     RECOMPILE                      VALID                       
                     SALFOREXEC                     VALID                       
                     SAMELOBS                       VALID                       
                     SQLEXPR                        VALID                       
                     STATUS_DESC                    VALID                       
                     STOCKPIVOT                     VALID                       
                     STOCKPIVOT_NOPL                VALID                       
                     TABCOUNT                       VALID                       
                     XX_CODE_COUNT                  VALID                       
                                                                                
PACKAGE              AFC_EXCEPTION                  INVALID                     
                     AQ                             INVALID                     
                     CUSTOMER_RULES                 INVALID                     
                     EMPPKG                         INVALID                     
                     FAVORITES_PKG                  INVALID                     
                     HELLO                          INVALID                     
                     UPCEXC                         INVALID                     
                     ALLCURS                        VALID                       
                     ALTIND                         VALID                       
                     ANALYSIS                       VALID                       
                     ANYNUMS_PKG                    VALID                       
                     ANY_PKG                        VALID                       
                     ARRAYUPD                       VALID                       
                     ARRAYZ                         VALID                       
                     BIDIR                          VALID                       
                     BOOK_INFO                      VALID                       
                     C2R_ARRAY                      VALID                       
                     CALLSTACK                      VALID                       
                     CODECACHE                      VALID                       
                     COMP                           VALID                       
                     COMPARE_RECORD                 VALID                       
                     COUNTRIES                      VALID                       
                     CVPKG                          VALID                       
                     DB                             VALID                       
                     DBPARM                         VALID                       
                     DEMO                           VALID                       
                     DESCCOLS                       VALID                       
                     DO                             VALID                       
                     DT                             VALID                       
                     DYN                            VALID                       
                     DYNALLOC                       VALID                       
                     DYNSQL                         VALID                       
                     DYNVAR                         VALID                       
                     EARTH_PKG                      VALID                       
                     EI_PKG                         VALID                       
                     EMPFETCH                       VALID                       
                     EMPLOOKUP                      VALID                       

OBJECT_TYPE          OBJECT_NAME                    STATUS                      
-------------------- ------------------------------ ----------                  
PACKAGE              EMPLOYEE_PIPE                  VALID                       
                     EMPLU1                         VALID                       
                     EMPLU2                         VALID                       
                     EMP_PKG                        VALID                       
                     ERRORPKG                       VALID                       
                     ERRPKG                         VALID                       
                     FAST_MD5                       VALID                       
                     FILEIO                         VALID                       
                     GEN_RECORD_COMPARISON          VALID                       
                     GROUPS                         VALID                       
                     HASH                           VALID                       
                     HEALTH$                        VALID                       
                     HIERARCHY                      VALID                       
                     HTTP                           VALID                       
                     INSGA                          VALID                       
                     JIT_DEBUG                      VALID                       
                     JUSTONCE                       VALID                       
                     LAYAWAY                        VALID                       
                     LEGEND_WORK                    VALID                       
                     LOG81                          VALID                       
                     LOGPKG                         VALID                       
                     LONGCOL                        VALID                       
                     LOOKUP                         VALID                       
                     MSGINFO                        VALID                       
                     MULTDIM                        VALID                       
                     MYVARS                         VALID                       
                     MY_SESSION                     VALID                       
                     NAMEX                          VALID                       
                     NDSUTIL                        VALID                       
                     NHC_PKG                        VALID                       
                     NICKNAMES                      VALID                       
                     NOT_TOOBIG1                    VALID                       
                     NOT_TOOBIG2                    VALID                       
                     PARSE                          VALID                       
                     PERSONNEL                      VALID                       
                     PKG                            VALID                       
                     PKGVAR                         VALID                       
                     PLVIO                          VALID                       
                     PLVTMR                         VALID                       
                     PRINT                          VALID                       
                     PRISON_PKG                     VALID                       
                     PSDESC                         VALID                       
                     PSEMP                          VALID                       
                     P_AND_L                        VALID                       
                     RANK                           VALID                       
                     RB                             VALID                       
                     RECEQ_EMP                      VALID                       
                     REFCUR_PKG                     VALID                       
                     RETRY                          VALID                       
                     SALESPKG                       VALID                       
                     SCHEDULE_PKG                   VALID                       
                     SESSINIT                       VALID                       
                     SNC                            VALID                       
                     STR                            VALID                       
                     STR2LIST                       VALID                       
                     TE_DEPARTMENT                  VALID                       
                     TE_DEPARTMENT_TST              VALID                       
                     TE_EMPLOYEE                    VALID                       
                     TE_EMPLOYEE_TST                VALID                       
                     TE_JOB                         VALID                       
                     TE_JOB_TST                     VALID                       
                     TE_LOC                         VALID                       
                     TE_LOCEMP                      VALID                       

OBJECT_TYPE          OBJECT_NAME                    STATUS                      
-------------------- ------------------------------ ----------                  
PACKAGE              TE_LOCEMP_TST                  VALID                       
                     TE_LOC_TST                     VALID                       
                     TE_SALHIST                     VALID                       
                     TE_SALHIST_TST                 VALID                       
                     THISUSER                       VALID                       
                     THREE_D                        VALID                       
                     TMR                            VALID                       
                     TOAD_PROFILER                  VALID                       
                     TOOBIG                         VALID                       
                     TRACE                          VALID                       
                     TSTVAR                         VALID                       
                     UTAEQ                          VALID                       
                     UTASSERT                       VALID                       
                     UTASSERT2                      VALID                       
                     UTCONFIG                       VALID                       
                     UTGEN                          VALID                       
                     UTLCMD                         VALID                       
                     UTLZIP                         VALID                       
                     UTOUTCOME                      VALID                       
                     UTPACKAGE                      VALID                       
                     UTPLSQL                        VALID                       
                     UTPLSQL2                       VALID                       
                     UTRECEQ                        VALID                       
                     UTRERROR                       VALID                       
                     UTRESULT                       VALID                       
                     UTRESULT2                      VALID                       
                     UTROUTCOME                     VALID                       
                     UTRSUITE                       VALID                       
                     UTRTESTCASE                    VALID                       
                     UTRUNITTEST                    VALID                       
                     UTRUTP                         VALID                       
                     UTSUITE                        VALID                       
                     UTSUITEUTP                     VALID                       
                     UTTEST                         VALID                       
                     UTTESTCASE                     VALID                       
                     UTTESTPREP                     VALID                       
                     UTUNITTEST                     VALID                       
                     UTUTP                          VALID                       
                     UTVVALUE                       VALID                       
                     UT_BETWNSTR                    VALID                       
                     UT_BSTR                        VALID                       
                     UT_STR                         VALID                       
                     VALERR                         VALID                       
                     VALSTD                         VALID                       
                     VSESSTAT                       VALID                       
                     WATCH                          VALID                       
                     XFILE                          VALID                       
                     XML                            VALID                       
                     XMLDOC                         VALID                       
                     XML_HTTP                       VALID                       
                     XPATH                          VALID                       
                     XSLT                           VALID                       
                     XX_TEST_PKG                    VALID                       
                                                                                
PACKAGE BODY         AFC_EXCEPTION                  INVALID                     
                     AQ                             INVALID                     
                     CUSTOMER_RULES                 INVALID                     
                     EI_PKG                         INVALID                     
                     EMPLOYEE_PKG                   INVALID                     
                     EMPPKG                         INVALID                     
                     FAST_MD5                       INVALID                     
                     FAVORITES_PKG                  INVALID                     
                     FILEIO                         INVALID                     

OBJECT_TYPE          OBJECT_NAME                    STATUS                      
-------------------- ------------------------------ ----------                  
PACKAGE BODY         INSGA                          INVALID                     
                     LAYAWAY                        INVALID                     
                     NAMEX                          INVALID                     
                     PKG                            INVALID                     
                     PLVIO                          INVALID                     
                     SCHEDULE_PKG                   INVALID                     
                     TE_DEPARTMENT                  INVALID                     
                     TE_EMPLOYEE_TST                INVALID                     
                     TRACE                          INVALID                     
                     UPCEXC                         INVALID                     
                     ALLCURS                        VALID                       
                     ALTIND                         VALID                       
                     ANALYSIS                       VALID                       
                     ANYNUMS_PKG                    VALID                       
                     ARRAYUPD                       VALID                       
                     BIDIR                          VALID                       
                     BOOK_INFO                      VALID                       
                     CALLSTACK                      VALID                       
                     CODECACHE                      VALID                       
                     COMP                           VALID                       
                     COMPARE_RECORD                 VALID                       
                     CVPKG                          VALID                       
                     DB                             VALID                       
                     DBPARM                         VALID                       
                     DESCCOLS                       VALID                       
                     DO                             VALID                       
                     DT                             VALID                       
                     DYN                            VALID                       
                     DYNALLOC                       VALID                       
                     DYNSQL                         VALID                       
                     DYNVAR                         VALID                       
                     EARTH_PKG                      VALID                       
                     EMPFETCH                       VALID                       
                     EMPLOOKUP                      VALID                       
                     EMPLOYEE_PIPE                  VALID                       
                     EMPLU1                         VALID                       
                     EMPLU2                         VALID                       
                     EMP_PKG                        VALID                       
                     ERRORPKG                       VALID                       
                     ERRPKG                         VALID                       
                     GEN_RECORD_COMPARISON          VALID                       
                     GROUPS                         VALID                       
                     HASH                           VALID                       
                     HEALTH$                        VALID                       
                     HIERARCHY                      VALID                       
                     HTTP                           VALID                       
                     JIT_DEBUG                      VALID                       
                     JUSTONCE                       VALID                       
                     LEGEND_WORK                    VALID                       
                     LOG81                          VALID                       
                     LOGPKG                         VALID                       
                     LONGCOL                        VALID                       
                     LOOKUP                         VALID                       
                     MSGINFO                        VALID                       
                     MULTDIM                        VALID                       
                     MY_SESSION                     VALID                       
                     NDSUTIL                        VALID                       
                     NHC_PKG                        VALID                       
                     NICKNAMES                      VALID                       
                     NOT_TOOBIG1                    VALID                       
                     NOT_TOOBIG2                    VALID                       
                     PARSE                          VALID                       
                     PERSONNEL                      VALID                       

OBJECT_TYPE          OBJECT_NAME                    STATUS                      
-------------------- ------------------------------ ----------                  
PACKAGE BODY         PKGVAR                         VALID                       
                     PLVTMR                         VALID                       
                     PRINT                          VALID                       
                     PRISON_PKG                     VALID                       
                     PSDESC                         VALID                       
                     PSEMP                          VALID                       
                     P_AND_L                        VALID                       
                     RANK                           VALID                       
                     RB                             VALID                       
                     RECEQ_EMP                      VALID                       
                     RETRY                          VALID                       
                     SALESPKG                       VALID                       
                     SESSINIT                       VALID                       
                     SNC                            VALID                       
                     STR                            VALID                       
                     STR2LIST                       VALID                       
                     TE_DEPARTMENT_TST              VALID                       
                     TE_EMPLOYEE                    VALID                       
                     TE_JOB                         VALID                       
                     TE_JOB_TST                     VALID                       
                     TE_LOC                         VALID                       
                     TE_LOCEMP                      VALID                       
                     TE_LOCEMP_TST                  VALID                       
                     TE_LOC_TST                     VALID                       
                     TE_SALHIST                     VALID                       
                     TE_SALHIST_TST                 VALID                       
                     THISUSER                       VALID                       
                     THREE_D                        VALID                       
                     TMR                            VALID                       
                     TOAD_PROFILER                  VALID                       
                     TOOBIG                         VALID                       
                     UTAEQ                          VALID                       
                     UTASSERT                       VALID                       
                     UTASSERT2                      VALID                       
                     UTCONFIG                       VALID                       
                     UTGEN                          VALID                       
                     UTOUTCOME                      VALID                       
                     UTPACKAGE                      VALID                       
                     UTPLSQL                        VALID                       
                     UTPLSQL2                       VALID                       
                     UTRECEQ                        VALID                       
                     UTRERROR                       VALID                       
                     UTRESULT                       VALID                       
                     UTRESULT2                      VALID                       
                     UTROUTCOME                     VALID                       
                     UTRSUITE                       VALID                       
                     UTRTESTCASE                    VALID                       
                     UTRUNITTEST                    VALID                       
                     UTRUTP                         VALID                       
                     UTSUITE                        VALID                       
                     UTSUITEUTP                     VALID                       
                     UTTEST                         VALID                       
                     UTTESTCASE                     VALID                       
                     UTTESTPREP                     VALID                       
                     UTUNITTEST                     VALID                       
                     UTUTP                          VALID                       
                     UTVVALUE                       VALID                       
                     UT_BETWNSTR                    VALID                       
                     UT_BSTR                        VALID                       
                     UT_STR                         VALID                       
                     VALERR                         VALID                       
                     VALSTD                         VALID                       
                     VSESSTAT                       VALID                       

OBJECT_TYPE          OBJECT_NAME                    STATUS                      
-------------------- ------------------------------ ----------                  
PACKAGE BODY         WATCH                          VALID                       
                     XFILE                          VALID                       
                     XML                            VALID                       
                     XMLDOC                         VALID                       
                     XML_HTTP                       VALID                       
                     XPATH                          VALID                       
                     XSLT                           VALID                       
                     XX_TEST_PKG                    VALID                       
                                                                                
PROCEDURE            C2RLOAD                        INVALID                     
                     C2RLOAD_ADDR                   INVALID                     
                     C2R_MEMBER2FILE                INVALID                     
                     EMPACT                         INVALID                     
                     JU_CONTACT_INFO                INVALID                     
                     LAYOFFS_SQL                    INVALID                     
                     REPORT_WITH_CV                 INVALID                     
                     SALARY_RAISE                   INVALID                     
                     TEST_MOD_OVERHEAD              INVALID                     
                     UPD_EMPLOYEES                  INVALID                     
                     ASSIGN_WORKLOAD                VALID                       
                     B                              VALID                       
                     BULKCOLLECT_9I_DEMO            VALID                       
                     BULK_EXCEPTIONS                VALID                       
                     C                              VALID                       
                     C2RLOAD_CONT                   VALID                       
                     CHECK_BALANCE                  VALID                       
                     CHECK_EMPLOYEE                 VALID                       
                     COMPARE_FETCHING               VALID                       
                     COMPARE_INSERTING              VALID                       
                     COMPARE_SHOWEMPS               VALID                       
                     CREATE_INDEX                   VALID                       
                     DISPLAY_CLOB                   VALID                       
                     DROP_WHATEVER                  VALID                       
                     DR_RUNDDL                      VALID                       
                     DUMPEMP2                       VALID                       
                     DYNPLSQL                       VALID                       
                     DYNSQL_EFFICIENCY              VALID                       
                     EITHER_WAY                     VALID                       
                     EMPEXC                         VALID                       
                     EMPEXC2                        VALID                       
                     EMP_REPORT                     VALID                       
                     EXEC_ARRAY                     VALID                       
                     FILE2TAB                       VALID                       
                     FIRE_EM_ALL                    VALID                       
                     GEN_MULTCOLL                   VALID                       
                     GET_NEXTLINE                   VALID                       
                     GIVE_BONUS                     VALID                       
                     INS$JUREGISTER                 VALID                       
                     INS$NIMN_MEMBER                VALID                       
                     IR_RUNDDL                      VALID                       
                     JDEV_DEBUG_TEST                VALID                       
                     JDEV_PROC                      VALID                       
                     JU_LOADREG                     VALID                       
                     LOADLOTS1                      VALID                       
                     LOADLOTS2                      VALID                       
                     LOADLOTS3                      VALID                       
                     LOADLOTS4                      VALID                       
                     LOADLOTS5                      VALID                       
                     LOADLOTS6                      VALID                       
                     LOADLOTS7                      VALID                       
                     LOADREPORT                     VALID                       
                     LOTS_OF_WORK                   VALID                       
                     MOD_STMT_DATE                  VALID                       

OBJECT_TYPE          OBJECT_NAME                    STATUS                      
-------------------- ------------------------------ ----------                  
PROCEDURE            MULTCOLL_TEST                  VALID                       
                     MY_APPLICATION                 VALID                       
                     NIMN_LOADMEMBERS               VALID                       
                     OBJECT_KEEPER                  VALID                       
                     OPEN_CLOSE_5_SAME              VALID                       
                     ORDER_SEEDS                    VALID                       
                     PERFECT_TRIANGLES              VALID                       
                     PL                             VALID                       
                     PROC1                          VALID                       
                     PROC2                          VALID                       
                     PROC3                          VALID                       
                     RUNDDL                         VALID                       
                     RUNDDL81                       VALID                       
                     SAMELOBS_TEST                  VALID                       
                     SET_STEVEN_NICKNAMES           VALID                       
                     SHOWCOL                        VALID                       
                     SHOWCOUNT                      VALID                       
                     SHOWEMPS                       VALID                       
                     SHOWEMPS2                      VALID                       
                     SHOWEMPS3                      VALID                       
                     SHOWEMPS81                     VALID                       
                     SHOWESTACK                     VALID                       
                     SHOWTABCOUNT                   VALID                       
                     SHOWXMLDOC                     VALID                       
                     SHOW_CONTEXT_INFO              VALID                       
                     SHOW_STYLES                    VALID                       
                     SHOW_TABCOUNT                  VALID                       
                     TEST_ALLSQL                    VALID                       
                     TEST_ANYDATA                   VALID                       
                     TEST_AUTON                     VALID                       
                     TEST_EMPLU                     VALID                       
                     TEST_OPEN_CURSORS              VALID                       
                     TEST_PLS_INTEGER               VALID                       
                     TZ_SET_AND_SHOW                VALID                       
                     UPDNUMVAL                      VALID                       
                     UPDNUMVAL1                     VALID                       
                     UPDNUMVAL2                     VALID                       
                     UTVERIFY                       VALID                       
                     XX_TEST                        VALID                       
                     XYZ                            VALID                       
                     XYZXYZ                         VALID                       
                                                                                

416 rows selected.

SQL> SPOOL OFF
